[debug] [2021-08-13T21:39:38.404Z] ----------------------------------------------------------------------
[debug] [2021-08-13T21:39:38.405Z] Command:       /usr/local/bin/node /usr/local/bin/firebase deploy --only functions
[debug] [2021-08-13T21:39:38.406Z] CLI Version:   9.10.0
[debug] [2021-08-13T21:39:38.406Z] Platform:      darwin
[debug] [2021-08-13T21:39:38.406Z] Node Version:  v14.16.1
[debug] [2021-08-13T21:39:38.410Z] Time:          Fri Aug 13 2021 17:39:38 GMT-0400 (Eastern Daylight Time)
[debug] [2021-08-13T21:39:38.410Z] ----------------------------------------------------------------------
[debug] 
[debug] [2021-08-13T21:39:38.419Z] > command requires scopes: ["email","openid","https://www.googleapis.com/auth/cloudplatformprojects.readonly","https://www.googleapis.com/auth/firebase","https://www.googleapis.com/auth/cloud-platform"]
[debug] [2021-08-13T21:39:38.420Z] > authorizing via signed-in user (robertm3lendez@gmail.com)
[debug] [2021-08-13T21:39:38.420Z] [iam] checking project fiosrewards for permissions ["cloudfunctions.functions.create","cloudfunctions.functions.delete","cloudfunctions.functions.get","cloudfunctions.functions.list","cloudfunctions.functions.update","cloudfunctions.operations.get","firebase.projects.get"]
[debug] [2021-08-13T21:39:38.421Z] > refreshing access token with scopes: ["email","https://www.googleapis.com/auth/cloud-platform","https://www.googleapis.com/auth/cloudplatformprojects.readonly","https://www.googleapis.com/auth/firebase","openid"]
[debug] [2021-08-13T21:39:38.422Z] >>> HTTP REQUEST POST https://www.googleapis.com/oauth2/v3/token  
 <request body omitted>
[debug] [2021-08-13T21:39:38.550Z] <<< HTTP RESPONSE 200 {"expires":"Mon, 01 Jan 1990 00:00:00 GMT","date":"Fri, 13 Aug 2021 21:39:38 GMT","cache-control":"no-cache, no-store, max-age=0, must-revalidate","pragma":"no-cache","content-type":"application/json; charset=utf-8","vary":"X-Origin, Referer, Origin,Accept-Encoding","server":"scaffolding on HTTPServer2","x-xss-protection":"0","x-frame-options":"SAMEORIGIN","x-content-type-options":"nosniff","alt-svc":"h3=\":443\"; ma=2592000,h3-29=\":443\"; ma=2592000,h3-T051=\":443\"; ma=2592000,h3-Q050=\":443\"; ma=2592000,h3-Q046=\":443\"; ma=2592000,h3-Q043=\":443\"; ma=2592000,quic=\":443\"; ma=2592000; v=\"46,43\"","accept-ranges":"none","transfer-encoding":"chunked"}
[debug] [2021-08-13T21:39:38.593Z] >>> HTTP REQUEST POST https://cloudresourcemanager.googleapis.com/v1/projects/fiosrewards:testIamPermissions  
 {"permissions":["cloudfunctions.functions.create","cloudfunctions.functions.delete","cloudfunctions.functions.get","cloudfunctions.functions.list","cloudfunctions.functions.update","cloudfunctions.operations.get","firebase.projects.get"]}
[debug] [2021-08-13T21:39:38.769Z] <<< HTTP RESPONSE 200 {"content-type":"application/json; charset=UTF-8","vary":"X-Origin, Referer, Origin,Accept-Encoding","date":"Fri, 13 Aug 2021 21:39:38 GMT","server":"ESF","cache-control":"private","x-xss-protection":"0","x-frame-options":"SAMEORIGIN","x-content-type-options":"nosniff","server-timing":"gfet4t7; dur=131","alt-svc":"h3=\":443\"; ma=2592000,h3-29=\":443\"; ma=2592000,h3-T051=\":443\"; ma=2592000,h3-Q050=\":443\"; ma=2592000,h3-Q046=\":443\"; ma=2592000,h3-Q043=\":443\"; ma=2592000,quic=\":443\"; ma=2592000; v=\"46,43\"","accept-ranges":"none","transfer-encoding":"chunked"}
[debug] [2021-08-13T21:39:38.770Z] >>> HTTP REQUEST POST https://iam.googleapis.com/v1/projects/fiosrewards/serviceAccounts/fiosrewards@appspot.gserviceaccount.com:testIamPermissions  
 {"permissions":["iam.serviceAccounts.actAs"]}
[debug] [2021-08-13T21:39:38.901Z] <<< HTTP RESPONSE 200 {"content-type":"application/json; charset=UTF-8","vary":"X-Origin, Referer, Origin,Accept-Encoding","date":"Fri, 13 Aug 2021 21:39:38 GMT","server":"ESF","cache-control":"private","x-xss-protection":"0","x-frame-options":"SAMEORIGIN","x-content-type-options":"nosniff","alt-svc":"h3=\":443\"; ma=2592000,h3-29=\":443\"; ma=2592000,h3-T051=\":443\"; ma=2592000,h3-Q050=\":443\"; ma=2592000,h3-Q046=\":443\"; ma=2592000,h3-Q043=\":443\"; ma=2592000,quic=\":443\"; ma=2592000; v=\"46,43\"","accept-ranges":"none","transfer-encoding":"chunked"}
[warn] ⚠  functions: package.json indicates an outdated version of firebase-functions.
Please upgrade using npm install --save firebase-functions@latest in your functions directory. 
[info] 
[info] === Deploying to 'fiosrewards'...
[info] 
[info] i  deploying functions 
[info] i  functions: ensuring required API cloudfunctions.googleapis.com is enabled... 
[info] i  functions: ensuring required API cloudbuild.googleapis.com is enabled... 
[debug] [2021-08-13T21:39:41.566Z] >>> HTTP REQUEST GET https://serviceusage.googleapis.com/v1/projects/fiosrewards/services/cloudfunctions.googleapis.com  
 
[debug] [2021-08-13T21:39:41.567Z] >>> HTTP REQUEST GET https://serviceusage.googleapis.com/v1/projects/fiosrewards/services/runtimeconfig.googleapis.com  
 
[debug] [2021-08-13T21:39:41.567Z] >>> HTTP REQUEST GET https://serviceusage.googleapis.com/v1/projects/fiosrewards/services/cloudbuild.googleapis.com  
 
[debug] [2021-08-13T21:39:41.936Z] <<< HTTP RESPONSE 200 {"content-type":"application/json; charset=UTF-8","vary":"X-Origin, Referer, Origin,Accept-Encoding","date":"Fri, 13 Aug 2021 21:39:41 GMT","server":"ESF","cache-control":"private","x-xss-protection":"0","x-frame-options":"SAMEORIGIN","x-content-type-options":"nosniff","alt-svc":"h3=\":443\"; ma=2592000,h3-29=\":443\"; ma=2592000,h3-T051=\":443\"; ma=2592000,h3-Q050=\":443\"; ma=2592000,h3-Q046=\":443\"; ma=2592000,h3-Q043=\":443\"; ma=2592000,quic=\":443\"; ma=2592000; v=\"46,43\"","accept-ranges":"none","transfer-encoding":"chunked"}
[debug] [2021-08-13T21:39:41.962Z] <<< HTTP RESPONSE 200 {"content-type":"application/json; charset=UTF-8","vary":"X-Origin, Referer, Origin,Accept-Encoding","date":"Fri, 13 Aug 2021 21:39:41 GMT","server":"ESF","cache-control":"private","x-xss-protection":"0","x-frame-options":"SAMEORIGIN","x-content-type-options":"nosniff","alt-svc":"h3=\":443\"; ma=2592000,h3-29=\":443\"; ma=2592000,h3-T051=\":443\"; ma=2592000,h3-Q050=\":443\"; ma=2592000,h3-Q046=\":443\"; ma=2592000,h3-Q043=\":443\"; ma=2592000,quic=\":443\"; ma=2592000; v=\"46,43\"","accept-ranges":"none","transfer-encoding":"chunked"}
[info] ✔  functions: required API cloudbuild.googleapis.com is enabled 
[debug] [2021-08-13T21:39:41.967Z] <<< HTTP RESPONSE 200 {"content-type":"application/json; charset=UTF-8","vary":"X-Origin, Referer, Origin,Accept-Encoding","date":"Fri, 13 Aug 2021 21:39:41 GMT","server":"ESF","cache-control":"private","x-xss-protection":"0","x-frame-options":"SAMEORIGIN","x-content-type-options":"nosniff","alt-svc":"h3=\":443\"; ma=2592000,h3-29=\":443\"; ma=2592000,h3-T051=\":443\"; ma=2592000,h3-Q050=\":443\"; ma=2592000,h3-Q046=\":443\"; ma=2592000,h3-Q043=\":443\"; ma=2592000,quic=\":443\"; ma=2592000; v=\"46,43\"","accept-ranges":"none","transfer-encoding":"chunked"}
[info] ✔  functions: required API cloudfunctions.googleapis.com is enabled 
[debug] [2021-08-13T21:39:41.969Z] >>> HTTP REQUEST GET https://firebase.googleapis.com/v1beta1/projects/fiosrewards/adminSdkConfig  
 
[debug] [2021-08-13T21:39:42.263Z] <<< HTTP RESPONSE 200 {"content-type":"application/json; charset=UTF-8","vary":"X-Origin, Referer, Origin,Accept-Encoding","date":"Fri, 13 Aug 2021 21:39:42 GMT","server":"ESF","cache-control":"private","x-xss-protection":"0","x-frame-options":"SAMEORIGIN","x-content-type-options":"nosniff","alt-svc":"h3=\":443\"; ma=2592000,h3-29=\":443\"; ma=2592000,h3-T051=\":443\"; ma=2592000,h3-Q050=\":443\"; ma=2592000,h3-Q046=\":443\"; ma=2592000,h3-Q043=\":443\"; ma=2592000,quic=\":443\"; ma=2592000; v=\"46,43\"","accept-ranges":"none","transfer-encoding":"chunked"}
[info] i  functions: preparing functions directory for uploading... 
[debug] [2021-08-13T21:39:42.268Z] >>> HTTP REQUEST GET https://runtimeconfig.googleapis.com/v1beta1/projects/fiosrewards/configs  
 
[debug] [2021-08-13T21:39:42.498Z] <<< HTTP RESPONSE 200 {"content-type":"application/json; charset=UTF-8","vary":"X-Origin, Referer, Origin,Accept-Encoding","date":"Fri, 13 Aug 2021 21:39:42 GMT","server":"ESF","cache-control":"private","x-xss-protection":"0","x-frame-options":"SAMEORIGIN","x-content-type-options":"nosniff","alt-svc":"h3=\":443\"; ma=2592000,h3-29=\":443\"; ma=2592000,h3-T051=\":443\"; ma=2592000,h3-Q050=\":443\"; ma=2592000,h3-Q046=\":443\"; ma=2592000,h3-Q043=\":443\"; ma=2592000,quic=\":443\"; ma=2592000; v=\"46,43\"","accept-ranges":"none","transfer-encoding":"chunked"}
[info] i  functions: packaged functions (42.17 KB) for uploading 
[debug] [2021-08-13T21:39:42.809Z] > [functions] package.json contents: {
  "name": "functions",
  "description": "Cloud Functions for Firebase",
  "scripts": {
    "serve": "firebase emulators:start --only functions",
    "shell": "firebase functions:shell",
    "start": "npm run shell",
    "deploy": "firebase deploy --only functions",
    "logs": "firebase functions:log"
  },
  "engines": {
    "node": "14"
  },
  "main": "index.js",
  "dependencies": {
    "@sendgrid/mail": "^7.4.5",
    "cors": "^2.8.5",
    "dotenv": "^10.0.0",
    "express": "^4.17.1",
    "firebase-admin": "^9.11.0",
    "firebase-functions": "^3.15.2",
    "moment": "^2.29.1",
    "nodemailer": "^6.6.3",
    "nodemailer-sendgrid-transport": "^0.2.0"
  },
  "devDependencies": {
    "firebase-functions-test": "^0.2.0"
  },
  "private": true
}
[debug] [2021-08-13T21:39:42.810Z] >>> HTTP REQUEST GET https://cloudfunctions.googleapis.com/v1/projects/fiosrewards/locations/-/functions  
 
[debug] [2021-08-13T21:39:43.309Z] <<< HTTP RESPONSE 200 {"content-type":"application/json; charset=UTF-8","vary":"X-Origin, Referer, Origin,Accept-Encoding","date":"Fri, 13 Aug 2021 21:39:43 GMT","server":"ESF","cache-control":"private","x-xss-protection":"0","x-frame-options":"SAMEORIGIN","x-content-type-options":"nosniff","alt-svc":"h3=\":443\"; ma=2592000,h3-29=\":443\"; ma=2592000,h3-T051=\":443\"; ma=2592000,h3-Q050=\":443\"; ma=2592000,h3-Q046=\":443\"; ma=2592000,h3-Q043=\":443\"; ma=2592000,quic=\":443\"; ma=2592000; v=\"46,43\"","accept-ranges":"none","transfer-encoding":"chunked"}
[debug] [2021-08-13T21:39:43.313Z] >>> HTTP REQUEST POST https://cloudfunctions.googleapis.com/v1/projects/fiosrewards/locations/us-central1/functions:generateUploadUrl  
 
[debug] [2021-08-13T21:39:43.727Z] <<< HTTP RESPONSE 200 {"content-type":"application/json; charset=UTF-8","vary":"X-Origin, Referer, Origin,Accept-Encoding","date":"Fri, 13 Aug 2021 21:39:43 GMT","server":"ESF","cache-control":"private","x-xss-protection":"0","x-frame-options":"SAMEORIGIN","x-content-type-options":"nosniff","alt-svc":"h3=\":443\"; ma=2592000,h3-29=\":443\"; ma=2592000,h3-T051=\":443\"; ma=2592000,h3-Q050=\":443\"; ma=2592000,h3-Q046=\":443\"; ma=2592000,h3-Q043=\":443\"; ma=2592000,quic=\":443\"; ma=2592000; v=\"46,43\"","accept-ranges":"none","transfer-encoding":"chunked"}
[debug] [2021-08-13T21:39:43.728Z] >>> HTTP REQUEST PUT https://storage.googleapis.com/gcf-upload-us-central1-f9e683d3-f1e3-4276-a5cb-0340526fd76f/5d094149-b75f-42bc-8c10-46fa097e6811.zip?GoogleAccessId=service-188462078951@gcf-admin-robot.iam.gserviceaccount.com&Expires=1628892583&Signature=Kn38z8ukSCdQ0RJbwYHnEHs1jrrPPhYXziZZn%2BV5oSq%2F4m%2FcbGUpBA7Qbe23zQ2UVKWcrerUfvHASSOyFgiHDea24mqYI0EJvOIeSxPhv0Vka9V%2FHw%2Fw10k3%2FLaNO0OEeMWZUV4Xwpp7hUnMsq%2F3Nt1wUWDVOFYlnnWcvHsvzq5naVMBlhyBdkHZSB6bLkrUgF%2BcqSMi0wDPixGl%2B4OzhbzpmbBfQcxAXkHWrLK0xnEoNpzRwApGk7j06OvhYw40ZPse6I5gy9Zh58cZfN3z7oaehyKofQIuIis2%2FUuxNtm1TJqmekaYz9qDEHyrpTSemX8ISy5cDyZw%2B0y3H7jIew%3D%3D  
 <request body omitted>
[debug] [2021-08-13T21:39:43.883Z] <<< HTTP RESPONSE 200 {"x-guploader-uploadid":"ADPycduRQ1yAkPQkHmTxTdqNaoU-5sdwJMSWYPo1dNOQXmfEfGN4sK8FrrLQ8S0DwZ1-O6aLtia55ONrqA5FgRTS6XQ","etag":"\"26f8d20ca364f5031931341b06e35539\"","x-goog-generation":"1628890783876187","x-goog-metageneration":"1","x-goog-hash":"crc32c=asFF9A==, md5=JvjSDKNk9QMZMTQbBuNVOQ==","x-goog-stored-content-length":"43186","x-goog-stored-content-encoding":"identity","vary":"Origin","content-length":"0","date":"Fri, 13 Aug 2021 21:39:43 GMT","server":"UploadServer","content-type":"text/html; charset=UTF-8","alt-svc":"h3=\":443\"; ma=2592000,h3-29=\":443\"; ma=2592000,h3-T051=\":443\"; ma=2592000,h3-Q050=\":443\"; ma=2592000,h3-Q046=\":443\"; ma=2592000,h3-Q043=\":443\"; ma=2592000,quic=\":443\"; ma=2592000; v=\"46,43\""}
[info] ✔  functions: functions folder uploaded successfully 
[info] i  functions: updating Node.js 14 (Beta) function onEmailSent(us-central1)... 
[debug] [2021-08-13T21:39:43.892Z] >>> HTTP REQUEST PATCH https://cloudfunctions.googleapis.com/v1/projects/fiosrewards/locations/us-central1/functions/onEmailSent {"updateMask":"sourceUploadUrl,name,labels,runtime,environmentVariables,httpsTrigger"} 
 {"sourceUploadUrl":"https://storage.googleapis.com/gcf-upload-us-central1-f9e683d3-f1e3-4276-a5cb-0340526fd76f/5d094149-b75f-42bc-8c10-46fa097e6811.zip?GoogleAccessId=service-188462078951@gcf-admin-robot.iam.gserviceaccount.com&Expires=1628892583&Signature=Kn38z8ukSCdQ0RJbwYHnEHs1jrrPPhYXziZZn%2BV5oSq%2F4m%2FcbGUpBA7Qbe23zQ2UVKWcrerUfvHASSOyFgiHDea24mqYI0EJvOIeSxPhv0Vka9V%2FHw%2Fw10k3%2FLaNO0OEeMWZUV4Xwpp7hUnMsq%2F3Nt1wUWDVOFYlnnWcvHsvzq5naVMBlhyBdkHZSB6bLkrUgF%2BcqSMi0wDPixGl%2B4OzhbzpmbBfQcxAXkHWrLK0xnEoNpzRwApGk7j06OvhYw40ZPse6I5gy9Zh58cZfN3z7oaehyKofQIuIis2%2FUuxNtm1TJqmekaYz9qDEHyrpTSemX8ISy5cDyZw%2B0y3H7jIew%3D%3D","name":"projects/fiosrewards/locations/us-central1/functions/onEmailSent","labels":{"deployment-tool":"cli-firebase"},"httpsTrigger":{},"runtime":"nodejs14","environmentVariables":{"FIREBASE_CONFIG":"{\"projectId\":\"fiosrewards\",\"databaseURL\":\"https://fiosrewards.firebaseio.com\",\"storageBucket\":\"fiosrewards.appspot.com\",\"locationId\":\"us-central\"}"}}
[debug] [2021-08-13T21:39:44.231Z] <<< HTTP RESPONSE 200 {"content-type":"application/json; charset=UTF-8","vary":"X-Origin, Referer, Origin,Accept-Encoding","date":"Fri, 13 Aug 2021 21:39:44 GMT","server":"ESF","cache-control":"private","x-xss-protection":"0","x-frame-options":"SAMEORIGIN","x-content-type-options":"nosniff","alt-svc":"h3=\":443\"; ma=2592000,h3-29=\":443\"; ma=2592000,h3-T051=\":443\"; ma=2592000,h3-Q050=\":443\"; ma=2592000,h3-Q046=\":443\"; ma=2592000,h3-Q043=\":443\"; ma=2592000,quic=\":443\"; ma=2592000; v=\"46,43\"","accept-ranges":"none","transfer-encoding":"chunked"}
[debug] [2021-08-13T21:39:44.232Z] > refreshing access token with scopes: []
[debug] [2021-08-13T21:39:44.233Z] >>> HTTP REQUEST POST https://www.googleapis.com/oauth2/v3/token  
 <request body omitted>
[debug] [2021-08-13T21:39:44.305Z] <<< HTTP RESPONSE 200 {"cache-control":"no-cache, no-store, max-age=0, must-revalidate","date":"Fri, 13 Aug 2021 21:39:44 GMT","expires":"Mon, 01 Jan 1990 00:00:00 GMT","pragma":"no-cache","content-type":"application/json; charset=utf-8","vary":"X-Origin, Referer, Origin,Accept-Encoding","server":"scaffolding on HTTPServer2","x-xss-protection":"0","x-frame-options":"SAMEORIGIN","x-content-type-options":"nosniff","alt-svc":"h3=\":443\"; ma=2592000,h3-29=\":443\"; ma=2592000,h3-T051=\":443\"; ma=2592000,h3-Q050=\":443\"; ma=2592000,h3-Q046=\":443\"; ma=2592000,h3-Q043=\":443\"; ma=2592000,quic=\":443\"; ma=2592000; v=\"46,43\"","accept-ranges":"none","transfer-encoding":"chunked"}
[debug] [2021-08-13T21:39:44.344Z] >>> [apiv2][query] GET https://cloudfunctions.googleapis.com/v1/operations/Zmlvc3Jld2FyZHMvdXMtY2VudHJhbDEvb25FbWFpbFNlbnQvVTU4UEFwbUU1X28 [none]
[debug] [2021-08-13T21:39:44.473Z] <<< [apiv2][status] GET https://cloudfunctions.googleapis.com/v1/operations/Zmlvc3Jld2FyZHMvdXMtY2VudHJhbDEvb25FbWFpbFNlbnQvVTU4UEFwbUU1X28 200
[debug] [2021-08-13T21:39:44.473Z] <<< [apiv2][body] GET https://cloudfunctions.googleapis.com/v1/operations/Zmlvc3Jld2FyZHMvdXMtY2VudHJhbDEvb25FbWFpbFNlbnQvVTU4UEFwbUU1X28 {"name":"operations/Zmlvc3Jld2FyZHMvdXMtY2VudHJhbDEvb25FbWFpbFNlbnQvVTU4UEFwbUU1X28","metadata":{"@type":"type.googleapis.com/google.cloud.functions.v1.OperationMetadataV1","target":"projects/fiosrewards/locations/us-central1/functions/onEmailSent","type":"UPDATE_FUNCTION","request":{"@type":"type.googleapis.com/google.cloud.functions.v1.CloudFunction","name":"projects/fiosrewards/locations/us-central1/functions/onEmailSent","httpsTrigger":{},"status":"ACTIVE","entryPoint":"onEmailSent","timeout":"60s","availableMemoryMb":256,"serviceAccountEmail":"fiosrewards@appspot.gserviceaccount.com","updateTime":"2021-08-13T21:29:36.158Z","versionId":"20","labels":{"deployment-tool":"cli-firebase"},"sourceUploadUrl":"https://storage.googleapis.com/gcf-upload-us-central1-f9e683d3-f1e3-4276-a5cb-0340526fd76f/5d094149-b75f-42bc-8c10-46fa097e6811.zip?GoogleAccessId=service-188462078951@gcf-admin-robot.iam.gserviceaccount.com&Expires=1628892583&Signature=Kn38z8ukSCdQ0RJbwYHnEHs1jrrPPhYXziZZn%2BV5oSq%2F4m%2FcbGUpBA7Qbe23zQ2UVKWcrerUfvHASSOyFgiHDea24mqYI0EJvOIeSxPhv0Vka9V%2FHw%2Fw10k3%2FLaNO0OEeMWZUV4Xwpp7hUnMsq%2F3Nt1wUWDVOFYlnnWcvHsvzq5naVMBlhyBdkHZSB6bLkrUgF%2BcqSMi0wDPixGl%2B4OzhbzpmbBfQcxAXkHWrLK0xnEoNpzRwApGk7j06OvhYw40ZPse6I5gy9Zh58cZfN3z7oaehyKofQIuIis2%2FUuxNtm1TJqmekaYz9qDEHyrpTSemX8ISy5cDyZw%2B0y3H7jIew%3D%3D","environmentVariables":{"FIREBASE_CONFIG":"{\"projectId\":\"fiosrewards\",\"databaseURL\":\"https://fiosrewards.firebaseio.com\",\"storageBucket\":\"fiosrewards.appspot.com\",\"locationId\":\"us-central\"}"},"runtime":"nodejs14","ingressSettings":"ALLOW_ALL","buildId":"1a88d4f0-5d79-470f-a302-93b9d3d68ff0"},"versionId":"21","updateTime":"2021-08-13T21:39:44Z","buildName":"projects/188462078951/locations/us-central1/builds/1a88d4f0-5d79-470f-a302-93b9d3d68ff0"}}
[debug] [2021-08-13T21:39:44.981Z] [update-projects/fiosrewards/locations/us-central1/functions/onEmailSent] Retrying task index 0
[debug] [2021-08-13T21:39:44.982Z] >>> [apiv2][query] GET https://cloudfunctions.googleapis.com/v1/operations/Zmlvc3Jld2FyZHMvdXMtY2VudHJhbDEvb25FbWFpbFNlbnQvVTU4UEFwbUU1X28 [none]
[debug] [2021-08-13T21:39:45.129Z] <<< [apiv2][status] GET https://cloudfunctions.googleapis.com/v1/operations/Zmlvc3Jld2FyZHMvdXMtY2VudHJhbDEvb25FbWFpbFNlbnQvVTU4UEFwbUU1X28 200
[debug] [2021-08-13T21:39:45.130Z] <<< [apiv2][body] GET https://cloudfunctions.googleapis.com/v1/operations/Zmlvc3Jld2FyZHMvdXMtY2VudHJhbDEvb25FbWFpbFNlbnQvVTU4UEFwbUU1X28 {"name":"operations/Zmlvc3Jld2FyZHMvdXMtY2VudHJhbDEvb25FbWFpbFNlbnQvVTU4UEFwbUU1X28","metadata":{"@type":"type.googleapis.com/google.cloud.functions.v1.OperationMetadataV1","target":"projects/fiosrewards/locations/us-central1/functions/onEmailSent","type":"UPDATE_FUNCTION","request":{"@type":"type.googleapis.com/google.cloud.functions.v1.CloudFunction","name":"projects/fiosrewards/locations/us-central1/functions/onEmailSent","httpsTrigger":{},"status":"ACTIVE","entryPoint":"onEmailSent","timeout":"60s","availableMemoryMb":256,"serviceAccountEmail":"fiosrewards@appspot.gserviceaccount.com","updateTime":"2021-08-13T21:29:36.158Z","versionId":"20","labels":{"deployment-tool":"cli-firebase"},"sourceUploadUrl":"https://storage.googleapis.com/gcf-upload-us-central1-f9e683d3-f1e3-4276-a5cb-0340526fd76f/5d094149-b75f-42bc-8c10-46fa097e6811.zip?GoogleAccessId=service-188462078951@gcf-admin-robot.iam.gserviceaccount.com&Expires=1628892583&Signature=Kn38z8ukSCdQ0RJbwYHnEHs1jrrPPhYXziZZn%2BV5oSq%2F4m%2FcbGUpBA7Qbe23zQ2UVKWcrerUfvHASSOyFgiHDea24mqYI0EJvOIeSxPhv0Vka9V%2FHw%2Fw10k3%2FLaNO0OEeMWZUV4Xwpp7hUnMsq%2F3Nt1wUWDVOFYlnnWcvHsvzq5naVMBlhyBdkHZSB6bLkrUgF%2BcqSMi0wDPixGl%2B4OzhbzpmbBfQcxAXkHWrLK0xnEoNpzRwApGk7j06OvhYw40ZPse6I5gy9Zh58cZfN3z7oaehyKofQIuIis2%2FUuxNtm1TJqmekaYz9qDEHyrpTSemX8ISy5cDyZw%2B0y3H7jIew%3D%3D","environmentVariables":{"FIREBASE_CONFIG":"{\"projectId\":\"fiosrewards\",\"databaseURL\":\"https://fiosrewards.firebaseio.com\",\"storageBucket\":\"fiosrewards.appspot.com\",\"locationId\":\"us-central\"}"},"runtime":"nodejs14","ingressSettings":"ALLOW_ALL","buildId":"1a88d4f0-5d79-470f-a302-93b9d3d68ff0"},"versionId":"21","updateTime":"2021-08-13T21:39:44Z","buildId":"f3f6a752-414d-4041-a20c-9e3a7fd3f3ce","buildName":"projects/188462078951/locations/us-central1/builds/f3f6a752-414d-4041-a20c-9e3a7fd3f3ce"}}
[debug] [2021-08-13T21:39:46.136Z] [update-projects/fiosrewards/locations/us-central1/functions/onEmailSent] Retrying task index 0
[debug] [2021-08-13T21:39:46.138Z] >>> [apiv2][query] GET https://cloudfunctions.googleapis.com/v1/operations/Zmlvc3Jld2FyZHMvdXMtY2VudHJhbDEvb25FbWFpbFNlbnQvVTU4UEFwbUU1X28 [none]
[debug] [2021-08-13T21:39:46.276Z] <<< [apiv2][status] GET https://cloudfunctions.googleapis.com/v1/operations/Zmlvc3Jld2FyZHMvdXMtY2VudHJhbDEvb25FbWFpbFNlbnQvVTU4UEFwbUU1X28 200
[debug] [2021-08-13T21:39:46.277Z] <<< [apiv2][body] GET https://cloudfunctions.googleapis.com/v1/operations/Zmlvc3Jld2FyZHMvdXMtY2VudHJhbDEvb25FbWFpbFNlbnQvVTU4UEFwbUU1X28 {"name":"operations/Zmlvc3Jld2FyZHMvdXMtY2VudHJhbDEvb25FbWFpbFNlbnQvVTU4UEFwbUU1X28","metadata":{"@type":"type.googleapis.com/google.cloud.functions.v1.OperationMetadataV1","target":"projects/fiosrewards/locations/us-central1/functions/onEmailSent","type":"UPDATE_FUNCTION","request":{"@type":"type.googleapis.com/google.cloud.functions.v1.CloudFunction","name":"projects/fiosrewards/locations/us-central1/functions/onEmailSent","httpsTrigger":{},"status":"ACTIVE","entryPoint":"onEmailSent","timeout":"60s","availableMemoryMb":256,"serviceAccountEmail":"fiosrewards@appspot.gserviceaccount.com","updateTime":"2021-08-13T21:29:36.158Z","versionId":"20","labels":{"deployment-tool":"cli-firebase"},"sourceUploadUrl":"https://storage.googleapis.com/gcf-upload-us-central1-f9e683d3-f1e3-4276-a5cb-0340526fd76f/5d094149-b75f-42bc-8c10-46fa097e6811.zip?GoogleAccessId=service-188462078951@gcf-admin-robot.iam.gserviceaccount.com&Expires=1628892583&Signature=Kn38z8ukSCdQ0RJbwYHnEHs1jrrPPhYXziZZn%2BV5oSq%2F4m%2FcbGUpBA7Qbe23zQ2UVKWcrerUfvHASSOyFgiHDea24mqYI0EJvOIeSxPhv0Vka9V%2FHw%2Fw10k3%2FLaNO0OEeMWZUV4Xwpp7hUnMsq%2F3Nt1wUWDVOFYlnnWcvHsvzq5naVMBlhyBdkHZSB6bLkrUgF%2BcqSMi0wDPixGl%2B4OzhbzpmbBfQcxAXkHWrLK0xnEoNpzRwApGk7j06OvhYw40ZPse6I5gy9Zh58cZfN3z7oaehyKofQIuIis2%2FUuxNtm1TJqmekaYz9qDEHyrpTSemX8ISy5cDyZw%2B0y3H7jIew%3D%3D","environmentVariables":{"FIREBASE_CONFIG":"{\"projectId\":\"fiosrewards\",\"databaseURL\":\"https://fiosrewards.firebaseio.com\",\"storageBucket\":\"fiosrewards.appspot.com\",\"locationId\":\"us-central\"}"},"runtime":"nodejs14","ingressSettings":"ALLOW_ALL","buildId":"1a88d4f0-5d79-470f-a302-93b9d3d68ff0"},"versionId":"21","updateTime":"2021-08-13T21:39:44Z","buildId":"f3f6a752-414d-4041-a20c-9e3a7fd3f3ce","buildName":"projects/188462078951/locations/us-central1/builds/f3f6a752-414d-4041-a20c-9e3a7fd3f3ce"}}
[debug] [2021-08-13T21:39:48.283Z] [update-projects/fiosrewards/locations/us-central1/functions/onEmailSent] Retrying task index 0
[debug] [2021-08-13T21:39:48.287Z] >>> [apiv2][query] GET https://cloudfunctions.googleapis.com/v1/operations/Zmlvc3Jld2FyZHMvdXMtY2VudHJhbDEvb25FbWFpbFNlbnQvVTU4UEFwbUU1X28 [none]
[debug] [2021-08-13T21:39:48.436Z] <<< [apiv2][status] GET https://cloudfunctions.googleapis.com/v1/operations/Zmlvc3Jld2FyZHMvdXMtY2VudHJhbDEvb25FbWFpbFNlbnQvVTU4UEFwbUU1X28 200
[debug] [2021-08-13T21:39:48.437Z] <<< [apiv2][body] GET https://cloudfunctions.googleapis.com/v1/operations/Zmlvc3Jld2FyZHMvdXMtY2VudHJhbDEvb25FbWFpbFNlbnQvVTU4UEFwbUU1X28 {"name":"operations/Zmlvc3Jld2FyZHMvdXMtY2VudHJhbDEvb25FbWFpbFNlbnQvVTU4UEFwbUU1X28","metadata":{"@type":"type.googleapis.com/google.cloud.functions.v1.OperationMetadataV1","target":"projects/fiosrewards/locations/us-central1/functions/onEmailSent","type":"UPDATE_FUNCTION","request":{"@type":"type.googleapis.com/google.cloud.functions.v1.CloudFunction","name":"projects/fiosrewards/locations/us-central1/functions/onEmailSent","httpsTrigger":{},"status":"ACTIVE","entryPoint":"onEmailSent","timeout":"60s","availableMemoryMb":256,"serviceAccountEmail":"fiosrewards@appspot.gserviceaccount.com","updateTime":"2021-08-13T21:29:36.158Z","versionId":"20","labels":{"deployment-tool":"cli-firebase"},"sourceUploadUrl":"https://storage.googleapis.com/gcf-upload-us-central1-f9e683d3-f1e3-4276-a5cb-0340526fd76f/5d094149-b75f-42bc-8c10-46fa097e6811.zip?GoogleAccessId=service-188462078951@gcf-admin-robot.iam.gserviceaccount.com&Expires=1628892583&Signature=Kn38z8ukSCdQ0RJbwYHnEHs1jrrPPhYXziZZn%2BV5oSq%2F4m%2FcbGUpBA7Qbe23zQ2UVKWcrerUfvHASSOyFgiHDea24mqYI0EJvOIeSxPhv0Vka9V%2FHw%2Fw10k3%2FLaNO0OEeMWZUV4Xwpp7hUnMsq%2F3Nt1wUWDVOFYlnnWcvHsvzq5naVMBlhyBdkHZSB6bLkrUgF%2BcqSMi0wDPixGl%2B4OzhbzpmbBfQcxAXkHWrLK0xnEoNpzRwApGk7j06OvhYw40ZPse6I5gy9Zh58cZfN3z7oaehyKofQIuIis2%2FUuxNtm1TJqmekaYz9qDEHyrpTSemX8ISy5cDyZw%2B0y3H7jIew%3D%3D","environmentVariables":{"FIREBASE_CONFIG":"{\"projectId\":\"fiosrewards\",\"databaseURL\":\"https://fiosrewards.firebaseio.com\",\"storageBucket\":\"fiosrewards.appspot.com\",\"locationId\":\"us-central\"}"},"runtime":"nodejs14","ingressSettings":"ALLOW_ALL","buildId":"1a88d4f0-5d79-470f-a302-93b9d3d68ff0"},"versionId":"21","updateTime":"2021-08-13T21:39:44Z","buildId":"f3f6a752-414d-4041-a20c-9e3a7fd3f3ce","buildName":"projects/188462078951/locations/us-central1/builds/f3f6a752-414d-4041-a20c-9e3a7fd3f3ce"}}
[debug] [2021-08-13T21:39:52.441Z] [update-projects/fiosrewards/locations/us-central1/functions/onEmailSent] Retrying task index 0
[debug] [2021-08-13T21:39:52.443Z] >>> [apiv2][query] GET https://cloudfunctions.googleapis.com/v1/operations/Zmlvc3Jld2FyZHMvdXMtY2VudHJhbDEvb25FbWFpbFNlbnQvVTU4UEFwbUU1X28 [none]
[debug] [2021-08-13T21:39:52.588Z] <<< [apiv2][status] GET https://cloudfunctions.googleapis.com/v1/operations/Zmlvc3Jld2FyZHMvdXMtY2VudHJhbDEvb25FbWFpbFNlbnQvVTU4UEFwbUU1X28 200
[debug] [2021-08-13T21:39:52.589Z] <<< [apiv2][body] GET https://cloudfunctions.googleapis.com/v1/operations/Zmlvc3Jld2FyZHMvdXMtY2VudHJhbDEvb25FbWFpbFNlbnQvVTU4UEFwbUU1X28 {"name":"operations/Zmlvc3Jld2FyZHMvdXMtY2VudHJhbDEvb25FbWFpbFNlbnQvVTU4UEFwbUU1X28","metadata":{"@type":"type.googleapis.com/google.cloud.functions.v1.OperationMetadataV1","target":"projects/fiosrewards/locations/us-central1/functions/onEmailSent","type":"UPDATE_FUNCTION","request":{"@type":"type.googleapis.com/google.cloud.functions.v1.CloudFunction","name":"projects/fiosrewards/locations/us-central1/functions/onEmailSent","httpsTrigger":{},"status":"ACTIVE","entryPoint":"onEmailSent","timeout":"60s","availableMemoryMb":256,"serviceAccountEmail":"fiosrewards@appspot.gserviceaccount.com","updateTime":"2021-08-13T21:29:36.158Z","versionId":"20","labels":{"deployment-tool":"cli-firebase"},"sourceUploadUrl":"https://storage.googleapis.com/gcf-upload-us-central1-f9e683d3-f1e3-4276-a5cb-0340526fd76f/5d094149-b75f-42bc-8c10-46fa097e6811.zip?GoogleAccessId=service-188462078951@gcf-admin-robot.iam.gserviceaccount.com&Expires=1628892583&Signature=Kn38z8ukSCdQ0RJbwYHnEHs1jrrPPhYXziZZn%2BV5oSq%2F4m%2FcbGUpBA7Qbe23zQ2UVKWcrerUfvHASSOyFgiHDea24mqYI0EJvOIeSxPhv0Vka9V%2FHw%2Fw10k3%2FLaNO0OEeMWZUV4Xwpp7hUnMsq%2F3Nt1wUWDVOFYlnnWcvHsvzq5naVMBlhyBdkHZSB6bLkrUgF%2BcqSMi0wDPixGl%2B4OzhbzpmbBfQcxAXkHWrLK0xnEoNpzRwApGk7j06OvhYw40ZPse6I5gy9Zh58cZfN3z7oaehyKofQIuIis2%2FUuxNtm1TJqmekaYz9qDEHyrpTSemX8ISy5cDyZw%2B0y3H7jIew%3D%3D","environmentVariables":{"FIREBASE_CONFIG":"{\"projectId\":\"fiosrewards\",\"databaseURL\":\"https://fiosrewards.firebaseio.com\",\"storageBucket\":\"fiosrewards.appspot.com\",\"locationId\":\"us-central\"}"},"runtime":"nodejs14","ingressSettings":"ALLOW_ALL","buildId":"1a88d4f0-5d79-470f-a302-93b9d3d68ff0"},"versionId":"21","updateTime":"2021-08-13T21:39:44Z","buildId":"f3f6a752-414d-4041-a20c-9e3a7fd3f3ce","buildName":"projects/188462078951/locations/us-central1/builds/f3f6a752-414d-4041-a20c-9e3a7fd3f3ce"}}
[debug] [2021-08-13T21:40:00.595Z] [update-projects/fiosrewards/locations/us-central1/functions/onEmailSent] Retrying task index 0
[debug] [2021-08-13T21:40:00.596Z] >>> [apiv2][query] GET https://cloudfunctions.googleapis.com/v1/operations/Zmlvc3Jld2FyZHMvdXMtY2VudHJhbDEvb25FbWFpbFNlbnQvVTU4UEFwbUU1X28 [none]
[debug] [2021-08-13T21:40:00.713Z] <<< [apiv2][status] GET https://cloudfunctions.googleapis.com/v1/operations/Zmlvc3Jld2FyZHMvdXMtY2VudHJhbDEvb25FbWFpbFNlbnQvVTU4UEFwbUU1X28 200
[debug] [2021-08-13T21:40:00.714Z] <<< [apiv2][body] GET https://cloudfunctions.googleapis.com/v1/operations/Zmlvc3Jld2FyZHMvdXMtY2VudHJhbDEvb25FbWFpbFNlbnQvVTU4UEFwbUU1X28 {"name":"operations/Zmlvc3Jld2FyZHMvdXMtY2VudHJhbDEvb25FbWFpbFNlbnQvVTU4UEFwbUU1X28","metadata":{"@type":"type.googleapis.com/google.cloud.functions.v1.OperationMetadataV1","target":"projects/fiosrewards/locations/us-central1/functions/onEmailSent","type":"UPDATE_FUNCTION","request":{"@type":"type.googleapis.com/google.cloud.functions.v1.CloudFunction","name":"projects/fiosrewards/locations/us-central1/functions/onEmailSent","httpsTrigger":{},"status":"ACTIVE","entryPoint":"onEmailSent","timeout":"60s","availableMemoryMb":256,"serviceAccountEmail":"fiosrewards@appspot.gserviceaccount.com","updateTime":"2021-08-13T21:29:36.158Z","versionId":"20","labels":{"deployment-tool":"cli-firebase"},"sourceUploadUrl":"https://storage.googleapis.com/gcf-upload-us-central1-f9e683d3-f1e3-4276-a5cb-0340526fd76f/5d094149-b75f-42bc-8c10-46fa097e6811.zip?GoogleAccessId=service-188462078951@gcf-admin-robot.iam.gserviceaccount.com&Expires=1628892583&Signature=Kn38z8ukSCdQ0RJbwYHnEHs1jrrPPhYXziZZn%2BV5oSq%2F4m%2FcbGUpBA7Qbe23zQ2UVKWcrerUfvHASSOyFgiHDea24mqYI0EJvOIeSxPhv0Vka9V%2FHw%2Fw10k3%2FLaNO0OEeMWZUV4Xwpp7hUnMsq%2F3Nt1wUWDVOFYlnnWcvHsvzq5naVMBlhyBdkHZSB6bLkrUgF%2BcqSMi0wDPixGl%2B4OzhbzpmbBfQcxAXkHWrLK0xnEoNpzRwApGk7j06OvhYw40ZPse6I5gy9Zh58cZfN3z7oaehyKofQIuIis2%2FUuxNtm1TJqmekaYz9qDEHyrpTSemX8ISy5cDyZw%2B0y3H7jIew%3D%3D","environmentVariables":{"FIREBASE_CONFIG":"{\"projectId\":\"fiosrewards\",\"databaseURL\":\"https://fiosrewards.firebaseio.com\",\"storageBucket\":\"fiosrewards.appspot.com\",\"locationId\":\"us-central\"}"},"runtime":"nodejs14","ingressSettings":"ALLOW_ALL","buildId":"1a88d4f0-5d79-470f-a302-93b9d3d68ff0"},"versionId":"21","updateTime":"2021-08-13T21:39:44Z","buildId":"f3f6a752-414d-4041-a20c-9e3a7fd3f3ce","buildName":"projects/188462078951/locations/us-central1/builds/f3f6a752-414d-4041-a20c-9e3a7fd3f3ce"}}
[debug] [2021-08-13T21:40:16.719Z] [update-projects/fiosrewards/locations/us-central1/functions/onEmailSent] Retrying task index 0
[debug] [2021-08-13T21:40:16.721Z] >>> [apiv2][query] GET https://cloudfunctions.googleapis.com/v1/operations/Zmlvc3Jld2FyZHMvdXMtY2VudHJhbDEvb25FbWFpbFNlbnQvVTU4UEFwbUU1X28 [none]
[debug] [2021-08-13T21:40:16.857Z] <<< [apiv2][status] GET https://cloudfunctions.googleapis.com/v1/operations/Zmlvc3Jld2FyZHMvdXMtY2VudHJhbDEvb25FbWFpbFNlbnQvVTU4UEFwbUU1X28 200
[debug] [2021-08-13T21:40:16.857Z] <<< [apiv2][body] GET https://cloudfunctions.googleapis.com/v1/operations/Zmlvc3Jld2FyZHMvdXMtY2VudHJhbDEvb25FbWFpbFNlbnQvVTU4UEFwbUU1X28 {"name":"operations/Zmlvc3Jld2FyZHMvdXMtY2VudHJhbDEvb25FbWFpbFNlbnQvVTU4UEFwbUU1X28","metadata":{"@type":"type.googleapis.com/google.cloud.functions.v1.OperationMetadataV1","target":"projects/fiosrewards/locations/us-central1/functions/onEmailSent","type":"UPDATE_FUNCTION","request":{"@type":"type.googleapis.com/google.cloud.functions.v1.CloudFunction","name":"projects/fiosrewards/locations/us-central1/functions/onEmailSent","httpsTrigger":{},"status":"ACTIVE","entryPoint":"onEmailSent","timeout":"60s","availableMemoryMb":256,"serviceAccountEmail":"fiosrewards@appspot.gserviceaccount.com","updateTime":"2021-08-13T21:29:36.158Z","versionId":"20","labels":{"deployment-tool":"cli-firebase"},"sourceUploadUrl":"https://storage.googleapis.com/gcf-upload-us-central1-f9e683d3-f1e3-4276-a5cb-0340526fd76f/5d094149-b75f-42bc-8c10-46fa097e6811.zip?GoogleAccessId=service-188462078951@gcf-admin-robot.iam.gserviceaccount.com&Expires=1628892583&Signature=Kn38z8ukSCdQ0RJbwYHnEHs1jrrPPhYXziZZn%2BV5oSq%2F4m%2FcbGUpBA7Qbe23zQ2UVKWcrerUfvHASSOyFgiHDea24mqYI0EJvOIeSxPhv0Vka9V%2FHw%2Fw10k3%2FLaNO0OEeMWZUV4Xwpp7hUnMsq%2F3Nt1wUWDVOFYlnnWcvHsvzq5naVMBlhyBdkHZSB6bLkrUgF%2BcqSMi0wDPixGl%2B4OzhbzpmbBfQcxAXkHWrLK0xnEoNpzRwApGk7j06OvhYw40ZPse6I5gy9Zh58cZfN3z7oaehyKofQIuIis2%2FUuxNtm1TJqmekaYz9qDEHyrpTSemX8ISy5cDyZw%2B0y3H7jIew%3D%3D","environmentVariables":{"FIREBASE_CONFIG":"{\"projectId\":\"fiosrewards\",\"databaseURL\":\"https://fiosrewards.firebaseio.com\",\"storageBucket\":\"fiosrewards.appspot.com\",\"locationId\":\"us-central\"}"},"runtime":"nodejs14","ingressSettings":"ALLOW_ALL","buildId":"1a88d4f0-5d79-470f-a302-93b9d3d68ff0"},"versionId":"21","updateTime":"2021-08-13T21:39:44Z","buildId":"f3f6a752-414d-4041-a20c-9e3a7fd3f3ce","buildName":"projects/188462078951/locations/us-central1/builds/f3f6a752-414d-4041-a20c-9e3a7fd3f3ce"}}
[debug] [2021-08-13T21:40:48.865Z] [update-projects/fiosrewards/locations/us-central1/functions/onEmailSent] Retrying task index 0
[debug] [2021-08-13T21:40:48.870Z] >>> [apiv2][query] GET https://cloudfunctions.googleapis.com/v1/operations/Zmlvc3Jld2FyZHMvdXMtY2VudHJhbDEvb25FbWFpbFNlbnQvVTU4UEFwbUU1X28 [none]
[debug] [2021-08-13T21:40:49.025Z] <<< [apiv2][status] GET https://cloudfunctions.googleapis.com/v1/operations/Zmlvc3Jld2FyZHMvdXMtY2VudHJhbDEvb25FbWFpbFNlbnQvVTU4UEFwbUU1X28 200
[debug] [2021-08-13T21:40:49.025Z] <<< [apiv2][body] GET https://cloudfunctions.googleapis.com/v1/operations/Zmlvc3Jld2FyZHMvdXMtY2VudHJhbDEvb25FbWFpbFNlbnQvVTU4UEFwbUU1X28 {"name":"operations/Zmlvc3Jld2FyZHMvdXMtY2VudHJhbDEvb25FbWFpbFNlbnQvVTU4UEFwbUU1X28","metadata":{"@type":"type.googleapis.com/google.cloud.functions.v1.OperationMetadataV1","target":"projects/fiosrewards/locations/us-central1/functions/onEmailSent","type":"UPDATE_FUNCTION","request":{"@type":"type.googleapis.com/google.cloud.functions.v1.CloudFunction","name":"projects/fiosrewards/locations/us-central1/functions/onEmailSent","httpsTrigger":{},"status":"ACTIVE","entryPoint":"onEmailSent","timeout":"60s","availableMemoryMb":256,"serviceAccountEmail":"fiosrewards@appspot.gserviceaccount.com","updateTime":"2021-08-13T21:29:36.158Z","versionId":"20","labels":{"deployment-tool":"cli-firebase"},"sourceUploadUrl":"https://storage.googleapis.com/gcf-upload-us-central1-f9e683d3-f1e3-4276-a5cb-0340526fd76f/5d094149-b75f-42bc-8c10-46fa097e6811.zip?GoogleAccessId=service-188462078951@gcf-admin-robot.iam.gserviceaccount.com&Expires=1628892583&Signature=Kn38z8ukSCdQ0RJbwYHnEHs1jrrPPhYXziZZn%2BV5oSq%2F4m%2FcbGUpBA7Qbe23zQ2UVKWcrerUfvHASSOyFgiHDea24mqYI0EJvOIeSxPhv0Vka9V%2FHw%2Fw10k3%2FLaNO0OEeMWZUV4Xwpp7hUnMsq%2F3Nt1wUWDVOFYlnnWcvHsvzq5naVMBlhyBdkHZSB6bLkrUgF%2BcqSMi0wDPixGl%2B4OzhbzpmbBfQcxAXkHWrLK0xnEoNpzRwApGk7j06OvhYw40ZPse6I5gy9Zh58cZfN3z7oaehyKofQIuIis2%2FUuxNtm1TJqmekaYz9qDEHyrpTSemX8ISy5cDyZw%2B0y3H7jIew%3D%3D","environmentVariables":{"FIREBASE_CONFIG":"{\"projectId\":\"fiosrewards\",\"databaseURL\":\"https://fiosrewards.firebaseio.com\",\"storageBucket\":\"fiosrewards.appspot.com\",\"locationId\":\"us-central\"}"},"runtime":"nodejs14","ingressSettings":"ALLOW_ALL","buildId":"1a88d4f0-5d79-470f-a302-93b9d3d68ff0"},"versionId":"21","updateTime":"2021-08-13T21:39:44Z","buildId":"f3f6a752-414d-4041-a20c-9e3a7fd3f3ce","sourceToken":"6136c207-ba0b-4f33-872e-2ea2680ae877","buildName":"projects/188462078951/locations/us-central1/builds/f3f6a752-414d-4041-a20c-9e3a7fd3f3ce"}}
[debug] [2021-08-13T21:40:49.026Z] Got sourceToken 6136c207-ba0b-4f33-872e-2ea2680ae877 for region us-central1
